#
# A fatal error has been detected by the Java Runtime Environment:
#
#  Internal Error (block.cpp:138), pid=1883, tid=0x0000000000004903
#  Error: ShouldNotReachHere()
#
# JRE version: OpenJDK Runtime Environment (8.0_202) (build 1.8.0_202-release-1483-b49-5587405)
# Java VM: OpenJDK 64-Bit Server VM (25.202-b49-5587405 mixed mode bsd-amd64 compressed oops)
# Failed to write core dump. Core dumps have been disabled. To enable core dumping, try "ulimit -c unlimited" before starting Java again
#
# If you would like to submit a bug report, please visit:
#   http://bugreport.java.com/bugreport/crash.jsp
#

---------------  T H R E A D  ---------------

Current thread (0x00007fc7da81e800):  JavaThread "C2 CompilerThread0" daemon [_thread_in_native, id=18691, stack(0x0000700005eda000,0x0000700005fda000)]

Stack: [0x0000700005eda000,0x0000700005fda000],  sp=0x0000700005fd6970,  free space=1010k
Native frames: (J=compiled Java code, j=interpreted, Vv=VM code, C=native code)
V  [libjvm.dylib+0x55b526]
V  [libjvm.dylib+0x1d1a6e]
V  [libjvm.dylib+0xc674d]
V  [libjvm.dylib+0xc6764]
V  [libjvm.dylib+0x25ca3f]
V  [libjvm.dylib+0x25e445]
V  [libjvm.dylib+0x25e6fb]
V  [libjvm.dylib+0x25e96e]
V  [libjvm.dylib+0x1994eb]
V  [libjvm.dylib+0x198067]
V  [libjvm.dylib+0x136ef8]
V  [libjvm.dylib+0x1a35b7]
V  [libjvm.dylib+0x1a2abc]
V  [libjvm.dylib+0x51e598]
V  [libjvm.dylib+0x51e45d]
V  [libjvm.dylib+0x4516c3]
C  [libsystem_pthread.dylib+0x32eb]  _pthread_body+0x7e
C  [libsystem_pthread.dylib+0x6249]  _pthread_start+0x42
C  [libsystem_pthread.dylib+0x240d]  thread_start+0xd
C  0x0000000000000000


Current CompileTask:
C2:  17316 7921       4       com.android.tools.r8.code.BaseInstructionFactory::create (3362 bytes)


---------------  P R O C E S S  ---------------

Java Threads: ( => current thread )
  0x00007fc7df872800 JavaThread "ForkJoinPool-1-worker-3" daemon [_thread_blocked, id=27651, stack(0x0000700008449000,0x0000700008549000)]
  0x00007fc7e0747000 JavaThread "ForkJoinPool-1-worker-0" daemon [_thread_blocked, id=36099, stack(0x0000700008346000,0x0000700008446000)]
  0x00007fc7e074c000 JavaThread "ForkJoinPool-1-worker-2" daemon [_thread_blocked, id=27395, stack(0x0000700008243000,0x0000700008343000)]
  0x00007fc7de342800 JavaThread "ForkJoinPool-1-worker-1" daemon [_thread_in_Java, id=27139, stack(0x0000700008140000,0x0000700008240000)]
  0x00007fc7df8de000 JavaThread "Cache worker for execution history cache (/Users/Timothy/Documents/2753Workspace/SkyStone/.gradle/5.1.1/executionHistory)" [_thread_blocked, id=36867, stack(0x000070000803d000,0x000070000813d000)]
  0x00007fc7dc77d000 JavaThread "Execution worker for ':' Thread 3" [_thread_blocked, id=37123, stack(0x0000700007f3a000,0x000070000803a000)]
  0x00007fc7dc571800 JavaThread "Execution worker for ':' Thread 2" [_thread_blocked, id=37635, stack(0x0000700007e37000,0x0000700007f37000)]
  0x00007fc7dafce800 JavaThread "Execution worker for ':'" [_thread_blocked, id=37891, stack(0x0000700007d34000,0x0000700007e34000)]
  0x00007fc7daa32800 JavaThread "Cache worker for file content cache (/Users/Timothy/Documents/2753Workspace/SkyStone/.gradle/5.1.1/fileContent)" [_thread_blocked, id=38147, stack(0x0000700007c31000,0x0000700007d31000)]
  0x00007fc7dc2e9000 JavaThread "Cache worker for file content cache (/Users/Timothy/.gradle/caches/5.1.1/fileContent)" [_thread_blocked, id=38659, stack(0x0000700007b2e000,0x0000700007c2e000)]
  0x00007fc7daa31800 JavaThread "Memory manager" [_thread_blocked, id=25603, stack(0x0000700007a2b000,0x0000700007b2b000)]
  0x00007fc7dc11b800 JavaThread "Cache worker for Build Output Cleanup Cache (/Users/Timothy/Documents/2753Workspace/SkyStone/.gradle/buildOutputCleanup)" [_thread_blocked, id=38915, stack(0x0000700007928000,0x0000700007a28000)]
  0x00007fc7da8eb000 JavaThread "pool-1-thread-1" [_thread_blocked, id=39427, stack(0x0000700007825000,0x0000700007925000)]
  0x00007fc7e0048000 JavaThread "Build operations Thread 4" [_thread_blocked, id=39683, stack(0x0000700007722000,0x0000700007822000)]
  0x00007fc7dc6ad800 JavaThread "Build operations Thread 3" [_thread_blocked, id=24579, stack(0x000070000761f000,0x000070000771f000)]
  0x00007fc7e0895800 JavaThread "Build operations Thread 2" [_thread_blocked, id=40195, stack(0x000070000751c000,0x000070000761c000)]
  0x00007fc7df82e800 JavaThread "Build operations" [_thread_blocked, id=5383, stack(0x0000700007419000,0x0000700007519000)]
  0x00007fc7e003c000 JavaThread "Cache worker for execution history cache (/Users/Timothy/.gradle/caches/5.1.1/executionHistory)" [_thread_blocked, id=40707, stack(0x0000700007316000,0x0000700007416000)]
  0x00007fc7e108c000 JavaThread "Cache worker for cache directory md-rule (/Users/Timothy/.gradle/caches/5.1.1/md-rule)" [_thread_blocked, id=24067, stack(0x0000700007213000,0x0000700007313000)]
  0x00007fc7e1090800 JavaThread "Cache worker for cache directory md-supplier (/Users/Timothy/.gradle/caches/5.1.1/md-supplier)" [_thread_blocked, id=23811, stack(0x0000700007110000,0x0000700007210000)]
  0x00007fc7db221000 JavaThread "Cache worker for file hash cache (/Users/Timothy/Documents/2753Workspace/SkyStone/.gradle/5.1.1/fileHashes)" [_thread_blocked, id=41731, stack(0x000070000700d000,0x000070000710d000)]
  0x00007fc7dc315000 JavaThread "Cache worker for journal cache (/Users/Timothy/.gradle/caches/journal-1)" [_thread_blocked, id=23555, stack(0x0000700006f0a000,0x000070000700a000)]
  0x00007fc7da915800 JavaThread "File lock request listener" [_thread_in_native, id=23299, stack(0x0000700006e07000,0x0000700006f07000)]
  0x00007fc7dc324000 JavaThread "Cache worker for file hash cache (/Users/Timothy/.gradle/caches/5.1.1/fileHashes)" [_thread_blocked, id=42755, stack(0x0000700006d04000,0x0000700006e04000)]
  0x00007fc7db8c2000 JavaThread "Thread-8" [_thread_blocked, id=43011, stack(0x0000700006c01000,0x0000700006d01000)]
  0x00007fc7db44b800 JavaThread "Stdin handler" [_thread_blocked, id=22787, stack(0x0000700006afe000,0x0000700006bfe000)]
  0x00007fc7db44a800 JavaThread "Asynchronous log dispatcher for DefaultDaemonConnection: socket connection from /127.0.0.1:50642 to /127.0.0.1:50643" [_thread_blocked, id=22275, stack(0x00007000069fb000,0x0000700006afb000)]
  0x00007fc7db1b4800 JavaThread "Daemon worker" [_thread_blocked, id=21763, stack(0x00007000068f8000,0x00007000069f8000)]
  0x00007fc7dbcbd000 JavaThread "Cancel handler" [_thread_blocked, id=15875, stack(0x00007000067f5000,0x00007000068f5000)]
  0x00007fc7db1fd800 JavaThread "Handler for socket connection from /127.0.0.1:50642 to /127.0.0.1:50643" [_thread_in_native, id=16387, stack(0x00007000066f2000,0x00007000067f2000)]
  0x00007fc7db1c1000 JavaThread "Daemon" [_thread_blocked, id=15107, stack(0x00007000065ef000,0x00007000066ef000)]
  0x00007fc7dbd1a000 JavaThread "Daemon periodic checks" [_thread_blocked, id=16899, stack(0x00007000064ec000,0x00007000065ec000)]
  0x00007fc7dc30a000 JavaThread "Incoming local TCP Connector on port 50642" [_thread_in_native, id=17411, stack(0x00007000063e9000,0x00007000064e9000)]
  0x00007fc7dc021000 JavaThread "Service Thread" daemon [_thread_blocked, id=14339, stack(0x00007000061e3000,0x00007000062e3000)]
  0x00007fc7da821000 JavaThread "C1 CompilerThread2" daemon [_thread_blocked, id=14083, stack(0x00007000060e0000,0x00007000061e0000)]
  0x00007fc7da820000 JavaThread "C2 CompilerThread1" daemon [_thread_in_native, id=18435, stack(0x0000700005fdd000,0x00007000060dd000)]
=>0x00007fc7da81e800 JavaThread "C2 CompilerThread0" daemon [_thread_in_native, id=18691, stack(0x0000700005eda000,0x0000700005fda000)]
  0x00007fc7db83f800 JavaThread "Signal Dispatcher" daemon [_thread_blocked, id=13571, stack(0x0000700005dd7000,0x0000700005ed7000)]
  0x00007fc7db83c800 JavaThread "Finalizer" daemon [_thread_blocked, id=20483, stack(0x0000700005cd4000,0x0000700005dd4000)]
  0x00007fc7db009800 JavaThread "Reference Handler" daemon [_thread_blocked, id=20739, stack(0x0000700005bd1000,0x0000700005cd1000)]
  0x00007fc7dc002000 JavaThread "main" [_thread_blocked, id=9731, stack(0x00007000055bf000,0x00007000056bf000)]

Other Threads:
  0x00007fc7dc004000 VMThread [stack: 0x0000700005ace000,0x0000700005bce000] [id=11779]
  0x00007fc7da859800 WatcherThread [stack: 0x00007000062e6000,0x00007000063e6000] [id=17667]

VM state:not at safepoint (normal execution)

VM Mutex/Monitor currently owned by a thread: None

heap address: 0x00000007d0800000, size: 512 MB, Compressed Oops mode: Zero based, Oop shift amount: 3
Narrow klass base: 0x00000007f0800000, Narrow klass shift: 0
Compressed class space size: 1073741824 Address: 0x00000007f0800000

Heap:
 PSYoungGen      total 136192K, used 135945K [0x00000007e5d80000, 0x00000007f0800000, 0x00000007f0800000)
  eden space 97792K, 99% used [0x00000007e5d80000,0x00000007ebcc2bd8,0x00000007ebd00000)
  from space 38400K, 99% used [0x00000007ebd00000,0x00000007ee27fac8,0x00000007ee280000)
  to   space 38400K, 0% used [0x00000007ee280000,0x00000007ee280000,0x00000007f0800000)
 ParOldGen       total 141824K, used 109531K [0x00000007d0800000, 0x00000007d9280000, 0x00000007e5d80000)
  object space 141824K, 77% used [0x00000007d0800000,0x00000007d72f6fe0,0x00000007d9280000)
 Metaspace       used 66600K, capacity 68574K, committed 68696K, reserved 1107968K
  class space    used 9027K, capacity 9555K, committed 9600K, reserved 1048576K

Card table byte_map: [0x0000000102281000,0x0000000102382000] byte_map_base: 0x00000000fe3fd000

Marking Bits: (ParMarkBitMap*) 0x000000010181bf78
 Begin Bits: [0x000000010242d000, 0x0000000102c2d000)
 End Bits:   [0x0000000102c2d000, 0x000000010342d000)

Polling page: 0x00000001007f5000

CodeCache: size=245760Kb used=20725Kb max_used=20725Kb free=225035Kb
 bounds [0x0000000108a23000, 0x0000000109e83000, 0x0000000117a23000]
 total_blobs=7974 nmethods=7167 adapters=720
 compilation: enabled

Compilation events (10 events):
Event: 17.073 Thread 0x00007fc7da821000 8097       2       java.util.TimSort::mergeHi (732 bytes)
Event: 17.075 Thread 0x00007fc7da821000 nmethod 8097 0x0000000109e6c4d0 code [0x0000000109e6c760, 0x0000000109e6df78]
Event: 17.075 Thread 0x00007fc7da821000 8096       2       java.util.TimSort::mergeAt (358 bytes)
Event: 17.076 Thread 0x00007fc7da821000 nmethod 8096 0x0000000109e6ed90 code [0x0000000109e6ef40, 0x0000000109e6f378]
Event: 17.076 Thread 0x00007fc7da821000 8098       2       java.util.TimSort::ensureCapacity (107 bytes)
Event: 17.076 Thread 0x00007fc7da821000 nmethod 8098 0x0000000109e6f790 code [0x0000000109e6f900, 0x0000000109e6fb98]
Event: 17.090 Thread 0x00007fc7da821000 8099 %     3       java.util.TimSort::mergeHi @ 191 (732 bytes)
Event: 17.094 Thread 0x00007fc7da821000 nmethod 8099% 0x0000000109e6fd10 code [0x0000000109e70040, 0x0000000109e72478]
Event: 17.103 Thread 0x00007fc7da821000 8100       3       java.util.TimSort::mergeHi (732 bytes)
Event: 17.106 Thread 0x00007fc7da821000 nmethod 8100 0x0000000109e73390 code [0x0000000109e736c0, 0x0000000109e75a78]

GC Heap History (10 events):
Event: 10.918 GC heap before
{Heap before GC invocations=12 (full 2):
 PSYoungGen      total 157696K, used 126625K [0x00000007e5d80000, 0x00000007f0800000, 0x00000007f0800000)
  eden space 145408K, 78% used [0x00000007e5d80000,0x00000007ecd2eaf8,0x00000007eeb80000)
  from space 12288K, 99% used [0x00000007eeb80000,0x00000007ef779a50,0x00000007ef780000)
  to   space 15872K, 0% used [0x00000007ef880000,0x00000007ef880000,0x00000007f0800000)
 ParOldGen       total 93184K, used 20152K [0x00000007d0800000, 0x00000007d6300000, 0x00000007e5d80000)
  object space 93184K, 21% used [0x00000007d0800000,0x00000007d1bae2b8,0x00000007d6300000)
 Metaspace       used 57525K, capacity 58974K, committed 59028K, reserved 1099776K
  class space    used 7783K, capacity 8179K, committed 8192K, reserved 1048576K
Event: 10.947 GC heap after
Heap after GC invocations=12 (full 2):
 PSYoungGen      total 150528K, used 15840K [0x00000007e5d80000, 0x00000007f0800000, 0x00000007f0800000)
  eden space 134656K, 0% used [0x00000007e5d80000,0x00000007e5d80000,0x00000007ee100000)
  from space 15872K, 99% used [0x00000007ef880000,0x00000007f07f8310,0x00000007f0800000)
  to   space 19968K, 0% used [0x00000007ee100000,0x00000007ee100000,0x00000007ef480000)
 ParOldGen       total 93184K, used 25813K [0x00000007d0800000, 0x00000007d6300000, 0x00000007e5d80000)
  object space 93184K, 27% used [0x00000007d0800000,0x00000007d2135668,0x00000007d6300000)
 Metaspace       used 57525K, capacity 58974K, committed 59028K, reserved 1099776K
  class space    used 7783K, capacity 8179K, committed 8192K, reserved 1048576K
}
Event: 10.947 GC heap before
{Heap before GC invocations=13 (full 3):
 PSYoungGen      total 150528K, used 15840K [0x00000007e5d80000, 0x00000007f0800000, 0x00000007f0800000)
  eden space 134656K, 0% used [0x00000007e5d80000,0x00000007e5d80000,0x00000007ee100000)
  from space 15872K, 99% used [0x00000007ef880000,0x00000007f07f8310,0x00000007f0800000)
  to   space 19968K, 0% used [0x00000007ee100000,0x00000007ee100000,0x00000007ef480000)
 ParOldGen       total 93184K, used 25813K [0x00000007d0800000, 0x00000007d6300000, 0x00000007e5d80000)
  object space 93184K, 27% used [0x00000007d0800000,0x00000007d2135668,0x00000007d6300000)
 Metaspace       used 57525K, capacity 58974K, committed 59028K, reserved 1099776K
  class space    used 7783K, capacity 8179K, committed 8192K, reserved 1048576K
Event: 11.178 GC heap after
Heap after GC invocations=13 (full 3):
 PSYoungGen      total 150528K, used 0K [0x00000007e5d80000, 0x00000007f0800000, 0x00000007f0800000)
  eden space 134656K, 0% used [0x00000007e5d80000,0x00000007e5d80000,0x00000007ee100000)
  from space 15872K, 0% used [0x00000007ef880000,0x00000007ef880000,0x00000007f0800000)
  to   space 19968K, 0% used [0x00000007ee100000,0x00000007ee100000,0x00000007ef480000)
 ParOldGen       total 141824K, used 34578K [0x00000007d0800000, 0x00000007d9280000, 0x00000007e5d80000)
  object space 141824K, 24% used [0x00000007d0800000,0x00000007d29c4bb8,0x00000007d9280000)
 Metaspace       used 57525K, capacity 58974K, committed 59028K, reserved 1099776K
  class space    used 7783K, capacity 8179K, committed 8192K, reserved 1048576K
}
Event: 14.365 GC heap before
{Heap before GC invocations=14 (full 3):
 PSYoungGen      total 150528K, used 134656K [0x00000007e5d80000, 0x00000007f0800000, 0x00000007f0800000)
  eden space 134656K, 100% used [0x00000007e5d80000,0x00000007ee100000,0x00000007ee100000)
  from space 15872K, 0% used [0x00000007ef880000,0x00000007ef880000,0x00000007f0800000)
  to   space 19968K, 0% used [0x00000007ee100000,0x00000007ee100000,0x00000007ef480000)
 ParOldGen       total 141824K, used 34578K [0x00000007d0800000, 0x00000007d9280000, 0x00000007e5d80000)
  object space 141824K, 24% used [0x00000007d0800000,0x00000007d29c4bb8,0x00000007d9280000)
 Metaspace       used 61444K, capacity 63160K, committed 63320K, reserved 1103872K
  class space    used 8320K, capacity 8776K, committed 8832K, reserved 1048576K
Event: 14.384 GC heap after
Heap after GC invocations=14 (full 3):
 PSYoungGen      total 154624K, used 12224K [0x00000007e5d80000, 0x00000007f0800000, 0x00000007f0800000)
  eden space 134656K, 0% used [0x00000007e5d80000,0x00000007e5d80000,0x00000007ee100000)
  from space 19968K, 61% used [0x00000007ee100000,0x00000007eecf0208,0x00000007ef480000)
  to   space 19968K, 0% used [0x00000007ef480000,0x00000007ef480000,0x00000007f0800000)
 ParOldGen       total 141824K, used 34586K [0x00000007d0800000, 0x00000007d9280000, 0x00000007e5d80000)
  object space 141824K, 24% used [0x00000007d0800000,0x00000007d29c6bb8,0x00000007d9280000)
 Metaspace       used 61444K, capacity 63160K, committed 63320K, reserved 1103872K
  class space    used 8320K, capacity 8776K, committed 8832K, reserved 1048576K
}
Event: 15.315 GC heap before
{Heap before GC invocations=15 (full 3):
 PSYoungGen      total 154624K, used 146880K [0x00000007e5d80000, 0x00000007f0800000, 0x00000007f0800000)
  eden space 134656K, 100% used [0x00000007e5d80000,0x00000007ee100000,0x00000007ee100000)
  from space 19968K, 61% used [0x00000007ee100000,0x00000007eecf0208,0x00000007ef480000)
  to   space 19968K, 0% used [0x00000007ef480000,0x00000007ef480000,0x00000007f0800000)
 ParOldGen       total 141824K, used 34586K [0x00000007d0800000, 0x00000007d9280000, 0x00000007e5d80000)
  object space 141824K, 24% used [0x00000007d0800000,0x00000007d29c6bb8,0x00000007d9280000)
 Metaspace       used 63525K, capacity 65310K, committed 65624K, reserved 1105920K
  class space    used 8582K, capacity 9063K, committed 9088K, reserved 1048576K
Event: 15.372 GC heap after
Heap after GC invocations=15 (full 3):
 PSYoungGen      total 117760K, used 19956K [0x00000007e5d80000, 0x00000007f0800000, 0x00000007f0800000)
  eden space 97792K, 0% used [0x00000007e5d80000,0x00000007e5d80000,0x00000007ebd00000)
  from space 19968K, 99% used [0x00000007ef480000,0x00000007f07fd118,0x00000007f0800000)
  to   space 38400K, 0% used [0x00000007ebd00000,0x00000007ebd00000,0x00000007ee280000)
 ParOldGen       total 141824K, used 78260K [0x00000007d0800000, 0x00000007d9280000, 0x00000007e5d80000)
  object space 141824K, 55% used [0x00000007d0800000,0x00000007d546d220,0x00000007d9280000)
 Metaspace       used 63525K, capacity 65310K, committed 65624K, reserved 1105920K
  class space    used 8582K, capacity 9063K, committed 9088K, reserved 1048576K
}
Event: 16.103 GC heap before
{Heap before GC invocations=16 (full 3):
 PSYoungGen      total 117760K, used 117748K [0x00000007e5d80000, 0x00000007f0800000, 0x00000007f0800000)
  eden space 97792K, 100% used [0x00000007e5d80000,0x00000007ebd00000,0x00000007ebd00000)
  from space 19968K, 99% used [0x00000007ef480000,0x00000007f07fd118,0x00000007f0800000)
  to   space 38400K, 0% used [0x00000007ebd00000,0x00000007ebd00000,0x00000007ee280000)
 ParOldGen       total 141824K, used 78260K [0x00000007d0800000, 0x00000007d9280000, 0x00000007e5d80000)
  object space 141824K, 55% used [0x00000007d0800000,0x00000007d546d220,0x00000007d9280000)
 Metaspace       used 65322K, capacity 67252K, committed 67544K, reserved 1107968K
  class space    used 8876K, capacity 9382K, committed 9472K, reserved 1048576K
Event: 16.224 GC heap after
Heap after GC invocations=16 (full 3):
 PSYoungGen      total 136192K, used 38398K [0x00000007e5d80000, 0x00000007f0800000, 0x00000007f0800000)
  eden space 97792K, 0% used [0x00000007e5d80000,0x00000007e5d80000,0x00000007ebd00000)
  from space 38400K, 99% used [0x00000007ebd00000,0x00000007ee27fac8,0x00000007ee280000)
  to   space 38400K, 0% used [0x00000007ee280000,0x00000007ee280000,0x00000007f0800000)
 ParOldGen       total 141824K, used 109531K [0x00000007d0800000, 0x00000007d9280000, 0x00000007e5d80000)
  object space 141824K, 77% used [0x00000007d0800000,0x00000007d72f6fe0,0x00000007d9280000)
 Metaspace       used 65322K, capacity 67252K, committed 67544K, reserved 1107968K
  class space    used 8876K, capacity 9382K, committed 9472K, reserved 1048576K
}

Deoptimization events (10 events):
Event: 15.693 Thread 0x00007fc7e0747000 Uncommon trap: reason=unstable_if action=reinterpret pc=0x000000010995abe8 method=java.util.Arrays.hashCode([Ljava/lang/Object;)I @ 1
Event: 15.693 Thread 0x00007fc7e074c000 Uncommon trap: reason=unstable_if action=reinterpret pc=0x000000010995abe8 method=java.util.Arrays.hashCode([Ljava/lang/Object;)I @ 1
Event: 15.693 Thread 0x00007fc7df872800 Uncommon trap: reason=unstable_if action=reinterpret pc=0x000000010995abe8 method=java.util.Arrays.hashCode([Ljava/lang/Object;)I @ 1
Event: 15.693 Thread 0x00007fc7df872800 Uncommon trap: reason=class_check action=maybe_recompile pc=0x0000000109c7a040 method=com.android.tools.r8.dex.DexParser.cacheAt(ILjava/util/function/Supplier;)Ljava/lang/Object; @ 32
Event: 15.719 Thread 0x00007fc7e0747000 Uncommon trap: reason=unstable_if action=reinterpret pc=0x0000000109c77cec method=com.android.tools.r8.it.unimi.dsi.fastutil.ints.Int2ObjectOpenHashMap.insert(ILjava/lang/Object;)I @ 1
Event: 15.720 Thread 0x00007fc7e0747000 Uncommon trap: reason=unstable_if action=reinterpret pc=0x0000000109c3f98c method=com.android.tools.r8.it.unimi.dsi.fastutil.ints.Int2ObjectOpenHashMap.get(I)Ljava/lang/Object; @ 1
Event: 15.722 Thread 0x00007fc7e0747000 Uncommon trap: reason=unstable_if action=reinterpret pc=0x0000000109c53c4c method=com.android.tools.r8.graph.DexMethod.computeEquals(Ljava/lang/Object;)Z @ 37
Event: 15.822 Thread 0x00007fc7e0747000 Uncommon trap: reason=unstable_if action=reinterpret pc=0x0000000109c7cdfc method=com.android.tools.r8.graph.DexProto.computeEquals(Ljava/lang/Object;)Z @ 37
Event: 16.564 Thread 0x00007fc7e0747000 Uncommon trap: reason=unloaded action=reinterpret pc=0x0000000109dc3db0 method=com.android.tools.r8.code.BaseInstructionFactory.create(IILcom/android/tools/r8/code/BytecodeStream;Lcom/android/tools/r8/graph/OffsetToObjectMapping;)Lcom/android/tools/r8/cod
Event: 16.623 Thread 0x00007fc7e074c000 Uncommon trap: reason=null_check action=make_not_entrant pc=0x0000000109e12228 method=com.android.tools.r8.dex.DexParser.debugInfoAt(I)Lcom/android/tools/r8/graph/DexDebugInfo; @ 11

Classes redefined (0 events):
No events

Internal exceptions (10 events):
Event: 12.008 Thread 0x00007fc7db8c2000 Exception <a 'java/lang/NoSuchMethodError': <clinit>> (0x00000007e82eca88) thrown at [/Volumes/Android/buildbot/src/googleplex-android/openjdk/out/hotspot/src/share/vm/prims/jni.cpp, line 1614]
Event: 12.013 Thread 0x00007fc7db8c2000 Exception <a 'java/lang/NoSuchMethodError': <clinit>> (0x00000007e82fe288) thrown at [/Volumes/Android/buildbot/src/googleplex-android/openjdk/out/hotspot/src/share/vm/prims/jni.cpp, line 1614]
Event: 12.013 Thread 0x00007fc7db8c2000 Exception <a 'java/lang/NoSuchMethodError': <clinit>> (0x00000007e82ffda0) thrown at [/Volumes/Android/buildbot/src/googleplex-android/openjdk/out/hotspot/src/share/vm/prims/jni.cpp, line 1614]
Event: 12.064 Thread 0x00007fc7db8c2000 Exception <a 'java/lang/NoSuchMethodError': <clinit>> (0x00000007e8399408) thrown at [/Volumes/Android/buildbot/src/googleplex-android/openjdk/out/hotspot/src/share/vm/prims/jni.cpp, line 1614]
Event: 13.602 Thread 0x00007fc7dc77d000 Exception <a 'java/lang/NoSuchMethodError': <clinit>> (0x00000007ec3032e8) thrown at [/Volumes/Android/buildbot/src/googleplex-android/openjdk/out/hotspot/src/share/vm/prims/jni.cpp, line 1614]
Event: 14.424 Thread 0x00007fc7dafce800 Exception <a 'sun/nio/fs/UnixException'> (0x00000007e5ec6e90) thrown at [/Volumes/Android/buildbot/src/googleplex-android/openjdk/out/hotspot/src/share/vm/prims/jni.cpp, line 710]
Event: 15.693 Thread 0x00007fc7df872800 Implicit null exception at 0x000000010995aaef to 0x000000010995abd9
Event: 15.693 Thread 0x00007fc7e0747000 Implicit null exception at 0x000000010995aaef to 0x000000010995abd9
Event: 15.693 Thread 0x00007fc7e074c000 Implicit null exception at 0x000000010995aaef to 0x000000010995abd9
Event: 16.623 Thread 0x00007fc7e074c000 Implicit null exception at 0x0000000109e0ec74 to 0x0000000109e121fd

Events (10 events):
Event: 17.046 loading class com/android/tools/r8/graph/PresortedComparable
Event: 17.046 loading class com/android/tools/r8/graph/PresortedComparable done
Event: 17.046 loading class com/android/tools/r8/naming/NamingLens
Event: 17.046 loading class com/android/tools/r8/naming/NamingLens done
Event: 17.064 Thread 0x00007fc7de342800 DEOPT PACKING pc=0x00000001093ed87b sp=0x000070000823f000
Event: 17.064 Thread 0x00007fc7de342800 DEOPT UNPACKING pc=0x0000000108a6a4c4 sp=0x000070000823ed48 mode 0
Event: 17.070 Thread 0x00007fc7de342800 DEOPT PACKING pc=0x0000000109e61b49 sp=0x000070000823ee60
Event: 17.070 Thread 0x00007fc7de342800 DEOPT UNPACKING pc=0x0000000108a6a4c4 sp=0x000070000823ec18 mode 0
Event: 17.103 Thread 0x00007fc7de342800 DEOPT PACKING pc=0x0000000109e6dca1 sp=0x000070000823eeb0
Event: 17.103 Thread 0x00007fc7de342800 DEOPT UNPACKING pc=0x0000000108a6a4c4 sp=0x000070000823ec48 mode 0


Dynamic libraries:
0x00007fff49ebf000 	/System/Library/Frameworks/Cocoa.framework/Versions/A/Cocoa
0x00007fff55c6c000 	/System/Library/Frameworks/Security.framework/Versions/A/Security
0x00007fff48b52000 	/System/Library/Frameworks/ApplicationServices.framework/Versions/A/ApplicationServices
0x00007fff75d5e000 	/usr/lib/libz.1.dylib
0x00007fff736b5000 	/usr/lib/libSystem.B.dylib
0x00007fff4a734000 	/System/Library/Frameworks/CoreFoundation.framework/Versions/A/CoreFoundation
0x00007fff4c9b8000 	/System/Library/Frameworks/Foundation.framework/Versions/C/Foundation
0x00007fff74eee000 	/usr/lib/libobjc.A.dylib
0x00007fff47d4b000 	/System/Library/Frameworks/AppKit.framework/Versions/C/AppKit
0x00007fff4a2bd000 	/System/Library/Frameworks/CoreData.framework/Versions/A/CoreData
0x00007fff6d17a000 	/System/Library/PrivateFrameworks/RemoteViewServices.framework/Versions/A/RemoteViewServices
0x00007fff713f1000 	/System/Library/PrivateFrameworks/UIFoundation.framework/Versions/A/UIFoundation
0x00007fff72ad6000 	/System/Library/PrivateFrameworks/XCTTargetBootstrap.framework/Versions/A/XCTTargetBootstrap
0x00007fff4a643000 	/System/Library/Frameworks/CoreDisplay.framework/Versions/A/CoreDisplay
0x00007fff67eb4000 	/System/Library/PrivateFrameworks/IconServices.framework/Versions/A/IconServices
0x00007fff4f2d9000 	/System/Library/Frameworks/Metal.framework/Versions/A/Metal
0x00007fff5f3f7000 	/System/Library/PrivateFrameworks/DesktopServicesPriv.framework/Versions/A/DesktopServicesPriv
0x00007fff74251000 	/usr/lib/libenergytrace.dylib
0x00007fff6f8d8000 	/System/Library/PrivateFrameworks/SkyLight.framework/Versions/A/SkyLight
0x00007fff4ab7b000 	/System/Library/Frameworks/CoreGraphics.framework/Versions/A/CoreGraphics
0x00007fff46b17000 	/System/Library/Frameworks/Accelerate.framework/Versions/A/Accelerate
0x00007fff4d101000 	/System/Library/Frameworks/IOSurface.framework/Versions/A/IOSurface
0x00007fff5f263000 	/System/Library/PrivateFrameworks/DFRFoundation.framework/Versions/A/DFRFoundation
0x00007fff49035000 	/System/Library/Frameworks/AudioToolbox.framework/Versions/A/AudioToolbox
0x00007fff492ae000 	/System/Library/Frameworks/AudioUnit.framework/Versions/A/AudioUnit
0x00007fff5f2f8000 	/System/Library/PrivateFrameworks/DataDetectorsCore.framework/Versions/A/DataDetectorsCore
0x00007fff499c2000 	/System/Library/Frameworks/Carbon.framework/Versions/A/Frameworks/HIToolbox.framework/Versions/A/HIToolbox
0x00007fff743aa000 	/usr/lib/libicucore.A.dylib
0x00007fff551df000 	/System/Library/Frameworks/QuartzCore.framework/Versions/A/QuartzCore
0x00007fff49d97000 	/System/Library/Frameworks/Carbon.framework/Versions/A/Frameworks/SpeechRecognition.framework/Versions/A/SpeechRecognition
0x00007fff73809000 	/usr/lib/libauto.dylib
0x00007fff75c51000 	/usr/lib/libxml2.2.dylib
0x00007fff5ee3e000 	/System/Library/PrivateFrameworks/CoreUI.framework/Versions/A/CoreUI
0x00007fff4a1a8000 	/System/Library/Frameworks/CoreAudio.framework/Versions/A/CoreAudio
0x00007fff4c7ed000 	/System/Library/Frameworks/DiskArbitration.framework/Versions/A/DiskArbitration
0x00007fff74658000 	/usr/lib/liblangid.dylib
0x00007fff692bf000 	/System/Library/PrivateFrameworks/MultitouchSupport.framework/Versions/A/MultitouchSupport
0x00007fff4d070000 	/System/Library/Frameworks/IOKit.framework/Versions/A/IOKit
0x00007fff73275000 	/usr/lib/libDiagnosticMessagesClient.dylib
0x00007fff4b98b000 	/System/Library/Frameworks/CoreServices.framework/Versions/A/CoreServices
0x00007fff6af79000 	/System/Library/PrivateFrameworks/PerformanceAnalysis.framework/Versions/A/PerformanceAnalysis
0x00007fff543c6000 	/System/Library/Frameworks/OpenGL.framework/Versions/A/OpenGL
0x00007fff49ecd000 	/System/Library/Frameworks/ColorSync.framework/Versions/A/ColorSync
0x00007fff4b20d000 	/System/Library/Frameworks/CoreImage.framework/Versions/A/CoreImage
0x00007fff4c363000 	/System/Library/Frameworks/CoreText.framework/Versions/A/CoreText
0x00007fff4d164000 	/System/Library/Frameworks/ImageIO.framework/Versions/A/ImageIO
0x00007fff5b490000 	/System/Library/PrivateFrameworks/Backup.framework/Versions/A/Backup
0x00007fff7375c000 	/usr/lib/libarchive.2.dylib
0x00007fff49607000 	/System/Library/Frameworks/CFNetwork.framework/Versions/A/CFNetwork
0x00007fff563c8000 	/System/Library/Frameworks/SystemConfiguration.framework/Versions/A/SystemConfiguration
0x00007fff731a6000 	/usr/lib/libCRFSuite.dylib
0x00007fff738fa000 	/usr/lib/libc++.1.dylib
0x00007fff7394e000 	/usr/lib/libc++abi.dylib
0x00007fff76554000 	/usr/lib/system/libcache.dylib
0x00007fff76559000 	/usr/lib/system/libcommonCrypto.dylib
0x00007fff76564000 	/usr/lib/system/libcompiler_rt.dylib
0x00007fff7656c000 	/usr/lib/system/libcopyfile.dylib
0x00007fff76576000 	/usr/lib/system/libcorecrypto.dylib
0x00007fff76681000 	/usr/lib/system/libdispatch.dylib
0x00007fff766bb000 	/usr/lib/system/libdyld.dylib
0x00007fff766e8000 	/usr/lib/system/libkeymgr.dylib
0x00007fff766f6000 	/usr/lib/system/liblaunch.dylib
0x00007fff766f7000 	/usr/lib/system/libmacho.dylib
0x00007fff766fd000 	/usr/lib/system/libquarantine.dylib
0x00007fff76700000 	/usr/lib/system/libremovefile.dylib
0x00007fff76702000 	/usr/lib/system/libsystem_asl.dylib
0x00007fff7671a000 	/usr/lib/system/libsystem_blocks.dylib
0x00007fff7671b000 	/usr/lib/system/libsystem_c.dylib
0x00007fff767a3000 	/usr/lib/system/libsystem_configuration.dylib
0x00007fff767a7000 	/usr/lib/system/libsystem_coreservices.dylib
0x00007fff767ab000 	/usr/lib/system/libsystem_darwin.dylib
0x00007fff767b2000 	/usr/lib/system/libsystem_dnssd.dylib
0x00007fff767b9000 	/usr/lib/system/libsystem_info.dylib
0x00007fff7682e000 	/usr/lib/system/libsystem_m.dylib
0x00007fff7687a000 	/usr/lib/system/libsystem_malloc.dylib
0x00007fff768a5000 	/usr/lib/system/libsystem_networkextension.dylib
0x00007fff768b0000 	/usr/lib/system/libsystem_notify.dylib
0x00007fff768cd000 	/usr/lib/system/libsystem_sandbox.dylib
0x00007fff768d1000 	/usr/lib/system/libsystem_secinit.dylib
0x00007fff76805000 	/usr/lib/system/libsystem_kernel.dylib
0x00007fff768b8000 	/usr/lib/system/libsystem_platform.dylib
0x00007fff768c2000 	/usr/lib/system/libsystem_pthread.dylib
0x00007fff768d4000 	/usr/lib/system/libsystem_symptoms.dylib
0x00007fff768dc000 	/usr/lib/system/libsystem_trace.dylib
0x00007fff768f3000 	/usr/lib/system/libunwind.dylib
0x00007fff768f9000 	/usr/lib/system/libxpc.dylib
0x00007fff738db000 	/usr/lib/libbsm.0.dylib
0x00007fff766e9000 	/usr/lib/system/libkxld.dylib
0x00007fff5a881000 	/System/Library/PrivateFrameworks/AppleFSCompression.framework/Versions/A/AppleFSCompression
0x00007fff73575000 	/usr/lib/libOpenScriptingUtil.dylib
0x00007fff73c03000 	/usr/lib/libcoretls.dylib
0x00007fff73c1a000 	/usr/lib/libcoretls_cfhelpers.dylib
0x00007fff75685000 	/usr/lib/libpam.2.dylib
0x00007fff75845000 	/usr/lib/libsqlite3.dylib
0x00007fff75c3f000 	/usr/lib/libxar.1.dylib
0x00007fff738ec000 	/usr/lib/libbz2.1.0.dylib
0x00007fff7465a000 	/usr/lib/liblzma.5.dylib
0x00007fff74b0b000 	/usr/lib/libnetwork.dylib
0x00007fff73745000 	/usr/lib/libapple_nghttp2.dylib
0x00007fff7568c000 	/usr/lib/libpcap.A.dylib
0x00007fff4bd2a000 	/System/Library/Frameworks/CoreServices.framework/Versions/A/Frameworks/FSEvents.framework/Versions/A/FSEvents
0x00007fff4ba09000 	/System/Library/Frameworks/CoreServices.framework/Versions/A/Frameworks/CarbonCore.framework/Versions/A/CarbonCore
0x00007fff4bee5000 	/System/Library/Frameworks/CoreServices.framework/Versions/A/Frameworks/Metadata.framework/Versions/A/Metadata
0x00007fff4bf84000 	/System/Library/Frameworks/CoreServices.framework/Versions/A/Frameworks/OSServices.framework/Versions/A/OSServices
0x00007fff4bfcf000 	/System/Library/Frameworks/CoreServices.framework/Versions/A/Frameworks/SearchKit.framework/Versions/A/SearchKit
0x00007fff4b98c000 	/System/Library/Frameworks/CoreServices.framework/Versions/A/Frameworks/AE.framework/Versions/A/AE
0x00007fff4bd33000 	/System/Library/Frameworks/CoreServices.framework/Versions/A/Frameworks/LaunchServices.framework/Versions/A/LaunchServices
0x00007fff4bce1000 	/System/Library/Frameworks/CoreServices.framework/Versions/A/Frameworks/DictionaryServices.framework/Versions/A/DictionaryServices
0x00007fff4c037000 	/System/Library/Frameworks/CoreServices.framework/Versions/A/Frameworks/SharedFileList.framework/Versions/A/SharedFileList
0x00007fff503a1000 	/System/Library/Frameworks/NetFS.framework/Versions/A/NetFS
0x00007fff69525000 	/System/Library/PrivateFrameworks/NetAuth.framework/Versions/A/NetAuth
0x00007fff72eda000 	/System/Library/PrivateFrameworks/login.framework/Versions/A/Frameworks/loginsupport.framework/Versions/A/loginsupport
0x00007fff70ffa000 	/System/Library/PrivateFrameworks/TCC.framework/Versions/A/TCC
0x00007fff5e49b000 	/System/Library/PrivateFrameworks/CoreNLP.framework/Versions/A/CoreNLP
0x00007fff68fba000 	/System/Library/PrivateFrameworks/MetadataUtilities.framework/Versions/A/MetadataUtilities
0x00007fff7472f000 	/usr/lib/libmecabra.dylib
0x00007fff48b53000 	/System/Library/Frameworks/ApplicationServices.framework/Versions/A/Frameworks/ATS.framework/Versions/A/ATS
0x00007fff48ea2000 	/System/Library/Frameworks/ApplicationServices.framework/Versions/A/Frameworks/ColorSyncLegacy.framework/Versions/A/ColorSyncLegacy
0x00007fff48f41000 	/System/Library/Frameworks/ApplicationServices.framework/Versions/A/Frameworks/HIServices.framework/Versions/A/HIServices
0x00007fff48f94000 	/System/Library/Frameworks/ApplicationServices.framework/Versions/A/Frameworks/LangAnalysis.framework/Versions/A/LangAnalysis
0x00007fff48fa4000 	/System/Library/Frameworks/ApplicationServices.framework/Versions/A/Frameworks/PrintCore.framework/Versions/A/PrintCore
0x00007fff48fee000 	/System/Library/Frameworks/ApplicationServices.framework/Versions/A/Frameworks/QD.framework/Versions/A/QD
0x00007fff49028000 	/System/Library/Frameworks/ApplicationServices.framework/Versions/A/Frameworks/SpeechSynthesis.framework/Versions/A/SpeechSynthesis
0x00007fff73976000 	/usr/lib/libcompression.dylib
0x00007fff4f5a9000 	/System/Library/Frameworks/MetalPerformanceShaders.framework/Versions/A/MetalPerformanceShaders
0x00007fff46b2f000 	/System/Library/Frameworks/Accelerate.framework/Versions/A/Frameworks/vImage.framework/Versions/A/vImage
0x00007fff47ba9000 	/System/Library/Frameworks/Accelerate.framework/Versions/A/Frameworks/vecLib.framework/Versions/A/vecLib
0x00007fff47af5000 	/System/Library/Frameworks/Accelerate.framework/Versions/A/Frameworks/vecLib.framework/Versions/A/libvMisc.dylib
0x00007fff4790d000 	/System/Library/Frameworks/Accelerate.framework/Versions/A/Frameworks/vecLib.framework/Versions/A/libvDSP.dylib
0x00007fff471c9000 	/System/Library/Frameworks/Accelerate.framework/Versions/A/Frameworks/vecLib.framework/Versions/A/libBLAS.dylib
0x00007fff474b6000 	/System/Library/Frameworks/Accelerate.framework/Versions/A/Frameworks/vecLib.framework/Versions/A/libLAPACK.dylib
0x00007fff47860000 	/System/Library/Frameworks/Accelerate.framework/Versions/A/Frameworks/vecLib.framework/Versions/A/libLinearAlgebra.dylib
0x00007fff478f9000 	/System/Library/Frameworks/Accelerate.framework/Versions/A/Frameworks/vecLib.framework/Versions/A/libSparseBLAS.dylib
0x00007fff47876000 	/System/Library/Frameworks/Accelerate.framework/Versions/A/Frameworks/vecLib.framework/Versions/A/libQuadrature.dylib
0x00007fff47443000 	/System/Library/Frameworks/Accelerate.framework/Versions/A/Frameworks/vecLib.framework/Versions/A/libBNNS.dylib
0x00007fff4787c000 	/System/Library/Frameworks/Accelerate.framework/Versions/A/Frameworks/vecLib.framework/Versions/A/libSparse.dylib
0x00007fff657e9000 	/System/Library/PrivateFrameworks/GPUWrangler.framework/Versions/A/GPUWrangler
0x00007fff67ae9000 	/System/Library/PrivateFrameworks/IOAccelerator.framework/Versions/A/IOAccelerator
0x00007fff67af4000 	/System/Library/PrivateFrameworks/IOPresentment.framework/Versions/A/IOPresentment
0x00007fff5f273000 	/System/Library/PrivateFrameworks/DSExternalDisplay.framework/Versions/A/DSExternalDisplay
0x00007fff5381d000 	/System/Library/Frameworks/OpenGL.framework/Versions/A/Libraries/libCoreFSCache.dylib
0x00007fff4f39d000 	/System/Library/Frameworks/MetalPerformanceShaders.framework/Frameworks/MPSCore.framework/Versions/A/MPSCore
0x00007fff4f3bd000 	/System/Library/Frameworks/MetalPerformanceShaders.framework/Frameworks/MPSImage.framework/Versions/A/MPSImage
0x00007fff4f462000 	/System/Library/Frameworks/MetalPerformanceShaders.framework/Frameworks/MPSNeuralNetwork.framework/Versions/A/MPSNeuralNetwork
0x00007fff4f43a000 	/System/Library/Frameworks/MetalPerformanceShaders.framework/Frameworks/MPSMatrix.framework/Versions/A/MPSMatrix
0x00007fff4f58e000 	/System/Library/Frameworks/MetalPerformanceShaders.framework/Frameworks/MPSRayIntersector.framework/Versions/A/MPSRayIntersector
0x00007fff68fe3000 	/System/Library/PrivateFrameworks/MetalTools.framework/Versions/A/MetalTools
0x00007fff5a12b000 	/System/Library/PrivateFrameworks/AggregateDictionary.framework/Versions/A/AggregateDictionary
0x00007fff73555000 	/usr/lib/libMobileGestalt.dylib
0x00007fff4c4c6000 	/System/Library/Frameworks/CoreVideo.framework/Versions/A/CoreVideo
0x00007fff665fa000 	/System/Library/PrivateFrameworks/GraphVisualizer.framework/Versions/A/GraphVisualizer
0x00007fff60479000 	/System/Library/PrivateFrameworks/FaceCore.framework/Versions/A/FaceCore
0x00007fff52e4b000 	/System/Library/Frameworks/OpenCL.framework/Versions/A/OpenCL
0x00007fff732ad000 	/usr/lib/libFosl_dynamic.dylib
0x00007fff69d90000 	/System/Library/PrivateFrameworks/OTSVG.framework/Versions/A/OTSVG
0x00007fff48c57000 	/System/Library/Frameworks/ApplicationServices.framework/Versions/A/Frameworks/ATS.framework/Versions/A/Resources/libFontParser.dylib
0x00007fff48d6f000 	/System/Library/Frameworks/ApplicationServices.framework/Versions/A/Frameworks/ATS.framework/Versions/A/Resources/libFontRegistry.dylib
0x00007fff4d3d2000 	/System/Library/Frameworks/ImageIO.framework/Versions/A/Resources/libJPEG.dylib
0x00007fff4d6e4000 	/System/Library/Frameworks/ImageIO.framework/Versions/A/Resources/libTIFF.dylib
0x00007fff4d6ba000 	/System/Library/Frameworks/ImageIO.framework/Versions/A/Resources/libPng.dylib
0x00007fff4d2f0000 	/System/Library/Frameworks/ImageIO.framework/Versions/A/Resources/libGIF.dylib
0x00007fff4d2f5000 	/System/Library/Frameworks/ImageIO.framework/Versions/A/Resources/libJP2.dylib
0x00007fff4d6e1000 	/System/Library/Frameworks/ImageIO.framework/Versions/A/Resources/libRadiance.dylib
0x00007fff5a9d8000 	/System/Library/PrivateFrameworks/AppleJPEG.framework/Versions/A/AppleJPEG
0x00007fff53828000 	/System/Library/Frameworks/OpenGL.framework/Versions/A/Libraries/libGFXShared.dylib
0x00007fff539eb000 	/System/Library/Frameworks/OpenGL.framework/Versions/A/Libraries/libGLU.dylib
0x00007fff53831000 	/System/Library/Frameworks/OpenGL.framework/Versions/A/Libraries/libGL.dylib
0x00007fff5383d000 	/System/Library/Frameworks/OpenGL.framework/Versions/A/Libraries/libGLImage.dylib
0x00007fff5381a000 	/System/Library/Frameworks/OpenGL.framework/Versions/A/Libraries/libCVMSPluginSupport.dylib
0x00007fff53823000 	/System/Library/Frameworks/OpenGL.framework/Versions/A/Libraries/libCoreVMClient.dylib
0x00007fff740c7000 	/usr/lib/libcups.2.dylib
0x00007fff4e8a4000 	/System/Library/Frameworks/Kerberos.framework/Versions/A/Kerberos
0x00007fff4cdd4000 	/System/Library/Frameworks/GSS.framework/Versions/A/GSS
0x00007fff757da000 	/usr/lib/libresolv.9.dylib
0x00007fff742b9000 	/usr/lib/libiconv.2.dylib
0x00007fff6676f000 	/System/Library/PrivateFrameworks/Heimdal.framework/Versions/A/Heimdal
0x00007fff74289000 	/usr/lib/libheimdal-asn1.dylib
0x00007fff52ebf000 	/System/Library/Frameworks/OpenDirectory.framework/Versions/A/OpenDirectory
0x00007fff5d1fe000 	/System/Library/PrivateFrameworks/CommonAuth.framework/Versions/A/CommonAuth
0x00007fff52ea3000 	/System/Library/Frameworks/OpenDirectory.framework/Versions/A/Frameworks/CFOpenDirectory.framework/Versions/A/CFOpenDirectory
0x00007fff55f6d000 	/System/Library/Frameworks/SecurityFoundation.framework/Versions/A/SecurityFoundation
0x00007fff59671000 	/System/Library/PrivateFrameworks/APFS.framework/Versions/A/APFS
0x00007fff75c3b000 	/usr/lib/libutil.dylib
0x00007fff73964000 	/usr/lib/libcharset.1.dylib
0x00007fff5ac75000 	/System/Library/PrivateFrameworks/AppleSauce.framework/Versions/A/AppleSauce
0x00007fff5adf6000 	/System/Library/PrivateFrameworks/AssertionServices.framework/Versions/A/AssertionServices
0x00007fff5b526000 	/System/Library/PrivateFrameworks/BaseBoard.framework/Versions/A/BaseBoard
0x00007fff7468a000 	/usr/lib/libmecab.1.0.0.dylib
0x00007fff74283000 	/usr/lib/libgermantok.dylib
0x00007fff73732000 	/usr/lib/libThaiTokenizer.dylib
0x00007fff731dd000 	/usr/lib/libChineseTokenizer.dylib
0x00007fff681a1000 	/System/Library/PrivateFrameworks/LanguageModeling.framework/Versions/A/LanguageModeling
0x00007fff5dee0000 	/System/Library/PrivateFrameworks/CoreEmoji.framework/Versions/A/CoreEmoji
0x00007fff6827d000 	/System/Library/PrivateFrameworks/Lexicon.framework/Versions/A/Lexicon
0x00007fff682c0000 	/System/Library/PrivateFrameworks/LinguisticData.framework/Versions/A/LinguisticData
0x00007fff73965000 	/usr/lib/libcmph.dylib
0x00007fff5602b000 	/System/Library/Frameworks/ServiceManagement.framework/Versions/A/ServiceManagement
0x00007fff5b487000 	/System/Library/PrivateFrameworks/BackgroundTaskManagement.framework/Versions/A/BackgroundTaskManagement
0x00007fff75d35000 	/usr/lib/libxslt.1.dylib
0x00007fff49cc4000 	/System/Library/Frameworks/Carbon.framework/Versions/A/Frameworks/Ink.framework/Versions/A/Ink
0x00007fff7126c000 	/System/Library/PrivateFrameworks/TextureIO.framework/Versions/A/TextureIO
0x00007fff73786000 	/usr/lib/libate.dylib
0x00007fff5f1c2000 	/System/Library/PrivateFrameworks/CrashReporterSupport.framework/Versions/A/CrashReporterSupport
0x00007fff6e9a6000 	/System/Library/PrivateFrameworks/Sharing.framework/Versions/A/Sharing
0x00007fff5b1d9000 	/System/Library/PrivateFrameworks/AuthKit.framework/Versions/A/AuthKit
0x00007fff5a72d000 	/System/Library/PrivateFrameworks/Apple80211.framework/Versions/A/Apple80211
0x00007fff5ef6a000 	/System/Library/PrivateFrameworks/CoreUtils.framework/Versions/A/CoreUtils
0x00007fff4c507000 	/System/Library/Frameworks/CoreWLAN.framework/Versions/A/CoreWLAN
0x00007fff4cf03000 	/System/Library/Frameworks/IOBluetooth.framework/Versions/A/IOBluetooth
0x00007fff6ce1a000 	/System/Library/PrivateFrameworks/ProtocolBuffer.framework/Versions/A/ProtocolBuffer
0x00007fff6921b000 	/System/Library/PrivateFrameworks/MobileKeyBag.framework/Versions/A/MobileKeyBag
0x00007fff5e7ae000 	/System/Library/PrivateFrameworks/CorePhoneNumbers.framework/Versions/A/CorePhoneNumbers
0x00007fff5a98c000 	/System/Library/PrivateFrameworks/AppleIDAuthSupport.framework/Versions/A/AppleIDAuthSupport
0x00007fff68174000 	/System/Library/PrivateFrameworks/KeychainCircle.framework/Versions/A/KeychainCircle
0x00007fff6cfd0000 	/System/Library/PrivateFrameworks/ROCKit.framework/Versions/A/ROCKit
0x00007fff5f15e000 	/System/Library/PrivateFrameworks/CoreWiFi.framework/Versions/A/CoreWiFi
0x00007fff4a292000 	/System/Library/Frameworks/CoreBluetooth.framework/Versions/A/CoreBluetooth
0x00007fff5f3b9000 	/System/Library/PrivateFrameworks/DebugSymbols.framework/Versions/A/DebugSymbols
0x00007fff5ed2a000 	/System/Library/PrivateFrameworks/CoreSymbolication.framework/Versions/A/CoreSymbolication
0x00007fff70a87000 	/System/Library/PrivateFrameworks/Symbolication.framework/Versions/A/Symbolication
0x00007fff7032a000 	/System/Library/PrivateFrameworks/SpeechRecognitionCore.framework/Versions/A/SpeechRecognitionCore
0x0000000101000000 	/Applications/Android Studio.app/Contents/jre/jdk/Contents/Home/jre/lib/server/libjvm.dylib
0x00007fff75b16000 	/usr/lib/libstdc++.6.dylib
0x00000001007a3000 	/Applications/Android Studio.app/Contents/jre/jdk/Contents/Home/jre/lib/libverify.dylib
0x00000001007b0000 	/Applications/Android Studio.app/Contents/jre/jdk/Contents/Home/jre/lib/libjava.dylib
0x0000000101eb7000 	/Applications/Android Studio.app/Contents/jre/jdk/Contents/Home/jre/lib/libzip.dylib
0x000000010501f000 	/Applications/Android Studio.app/Contents/jre/jdk/Contents/Home/jre/lib/libnet.dylib
0x000000010553b000 	/Applications/Android Studio.app/Contents/jre/jdk/Contents/Home/jre/lib/libnio.dylib
0x00000001055a2000 	/Users/Timothy/.gradle/native/25/osx-amd64/libnative-platform.dylib
0x00000001059a1000 	/Applications/Android Studio.app/Contents/jre/jdk/Contents/Home/jre/lib/libmanagement.dylib

VM Arguments:
jvm_args: -XX:MaxMetaspaceSize=256m -XX:+HeapDumpOnOutOfMemoryError -Xmx512m -Dfile.encoding=UTF-8 -Duser.country=US -Duser.language=en -Duser.variant 
java_command: org.gradle.launcher.daemon.bootstrap.GradleDaemon 5.1.1
java_class_path (initial): /Users/Timothy/.gradle/wrapper/dists/gradle-5.1.1-all/97z1ksx6lirer3kbvdnh7jtjg/gradle-5.1.1/lib/gradle-launcher-5.1.1.jar
Launcher Type: SUN_STANDARD

Environment Variables:
PATH=/usr/local/bin:/usr/bin:/bin:/usr/sbin:/sbin
SHELL=/bin/bash

Signal Handlers:
SIGSEGV: [libjvm.dylib+0x55bff5], sa_mask[0]=11111111011111110111111111111111, sa_flags=SA_ONSTACK|SA_RESTART|SA_SIGINFO
SIGBUS: [libjvm.dylib+0x55bff5], sa_mask[0]=11111111011111110111111111111111, sa_flags=SA_RESTART|SA_SIGINFO
SIGFPE: [libjvm.dylib+0x453a89], sa_mask[0]=11111111011111110111111111111111, sa_flags=SA_RESTART|SA_SIGINFO
SIGPIPE: [libjvm.dylib+0x453a89], sa_mask[0]=11111111011111110111111111111111, sa_flags=SA_RESTART|SA_SIGINFO
SIGXFSZ: [libjvm.dylib+0x453a89], sa_mask[0]=11111111011111110111111111111111, sa_flags=SA_RESTART|SA_SIGINFO
SIGILL: [libjvm.dylib+0x453a89], sa_mask[0]=11111111011111110111111111111111, sa_flags=SA_RESTART|SA_SIGINFO
SIGUSR1: SIG_DFL, sa_mask[0]=00000000000000000000000000000000, sa_flags=none
SIGUSR2: [libjvm.dylib+0x454390], sa_mask[0]=00100000000000000000000000000000, sa_flags=SA_RESTART|SA_SIGINFO
SIGHUP: [libjvm.dylib+0x4525a3], sa_mask[0]=11111111011111110111111111111111, sa_flags=SA_RESTART|SA_SIGINFO
SIGINT: [libjvm.dylib+0x4525a3], sa_mask[0]=11111111011111110111111111111111, sa_flags=SA_RESTART|SA_SIGINFO
SIGTERM: [libjvm.dylib+0x4525a3], sa_mask[0]=11111111011111110111111111111111, sa_flags=SA_RESTART|SA_SIGINFO
SIGQUIT: [libjvm.dylib+0x4525a3], sa_mask[0]=11111111011111110111111111111111, sa_flags=SA_RESTART|SA_SIGINFO


---------------  S Y S T E M  ---------------

OS:Bsduname:Darwin 18.7.0 Darwin Kernel Version 18.7.0: Sat Oct 12 00:02:19 PDT 2019; root:xnu-4903.278.12~1/RELEASE_X86_64 x86_64
rlimit: STACK 8192k, CORE 0k, NPROC 709, NOFILE 10240, AS infinity
load average:5.62 3.90 4.30

CPU:total 4 (initial active 4) (2 cores per cpu, 2 threads per core) family 6 model 69 stepping 1, cmov, cx8, fxsr, mmx, sse, sse2, sse3, ssse3, sse4.1, sse4.2, popcnt, avx, avx2, aes, clmul, erms, lzcnt, ht, tsc, tscinvbit, bmi1, bmi2

Memory: 4k page, physical 8388608k(499044k free)

/proc/meminfo:


vm_info: OpenJDK 64-Bit Server VM (25.202-b49-5587405) for bsd-amd64 JRE (1.8.0_202-release-1483-b49-5587405), built by "android-build" with gcc 4.2.1 Compatible Android (5058415 based on r339409) Clang 8.0.2 (https://android.googlesource.com/toolchain/clang 40173bab62ec746213857d083c0e8b0abb568790) (https://android.googlesource.com/toolchain/llvm 7a6618d69e7e8111e1d49dc9e7813767c5ca756a)

time: Thu Nov 21 22:26:29 2019
timezone: EST
elapsed time: 17 seconds (0d 0h 0m 17s)

